Determining if the pthread_create exist failed with the following output:
Change Dir: /home/red1/catkin_ws/src/introlab-ros-pkg/cmake-build-debug/CMakeFiles/CMakeTmp

Run Build Command:"/usr/bin/make" "cmTC_1865c/fast"
/usr/bin/make -f CMakeFiles/cmTC_1865c.dir/build.make CMakeFiles/cmTC_1865c.dir/build
make[1]: Entering directory '/home/red1/catkin_ws/src/introlab-ros-pkg/cmake-build-debug/CMakeFiles/CMakeTmp'
Building C object CMakeFiles/cmTC_1865c.dir/CheckSymbolExists.c.o
/usr/bin/cc     -o CMakeFiles/cmTC_1865c.dir/CheckSymbolExists.c.o   -c /home/red1/catkin_ws/src/introlab-ros-pkg/cmake-build-debug/CMakeFiles/CMakeTmp/CheckSymbolExists.c
Linking C executable cmTC_1865c
/home/red1/Softwares/clion-2017.1.2/bin/cmake/bin/cmake -E cmake_link_script CMakeFiles/cmTC_1865c.dir/link.txt --verbose=1
/usr/bin/cc       CMakeFiles/cmTC_1865c.dir/CheckSymbolExists.c.o  -o cmTC_1865c -rdynamic 
CMakeFiles/cmTC_1865c.dir/CheckSymbolExists.c.o: In function `main':
CheckSymbolExists.c:(.text+0x16): undefined reference to `pthread_create'
collect2: error: ld returned 1 exit status
CMakeFiles/cmTC_1865c.dir/build.make:97: recipe for target 'cmTC_1865c' failed
make[1]: *** [cmTC_1865c] Error 1
make[1]: Leaving directory '/home/red1/catkin_ws/src/introlab-ros-pkg/cmake-build-debug/CMakeFiles/CMakeTmp'
Makefile:126: recipe for target 'cmTC_1865c/fast' failed
make: *** [cmTC_1865c/fast] Error 2

File /home/red1/catkin_ws/src/introlab-ros-pkg/cmake-build-debug/CMakeFiles/CMakeTmp/CheckSymbolExists.c:
/* */
#include <pthread.h>

int main(int argc, char** argv)
{
  (void)argv;
#ifndef pthread_create
  return ((int*)(&pthread_create))[argc];
#else
  (void)argc;
  return 0;
#endif
}

Determining if the function pthread_create exists in the pthreads failed with the following output:
Change Dir: /home/red1/catkin_ws/src/introlab-ros-pkg/cmake-build-debug/CMakeFiles/CMakeTmp

Run Build Command:"/usr/bin/make" "cmTC_b5927/fast"
/usr/bin/make -f CMakeFiles/cmTC_b5927.dir/build.make CMakeFiles/cmTC_b5927.dir/build
make[1]: Entering directory '/home/red1/catkin_ws/src/introlab-ros-pkg/cmake-build-debug/CMakeFiles/CMakeTmp'
Building C object CMakeFiles/cmTC_b5927.dir/CheckFunctionExists.c.o
/usr/bin/cc    -DCHECK_FUNCTION_EXISTS=pthread_create   -o CMakeFiles/cmTC_b5927.dir/CheckFunctionExists.c.o   -c /home/red1/Softwares/clion-2017.1.2/bin/cmake/share/cmake-3.7/Modules/CheckFunctionExists.c
Linking C executable cmTC_b5927
/home/red1/Softwares/clion-2017.1.2/bin/cmake/bin/cmake -E cmake_link_script CMakeFiles/cmTC_b5927.dir/link.txt --verbose=1
/usr/bin/cc   -DCHECK_FUNCTION_EXISTS=pthread_create    CMakeFiles/cmTC_b5927.dir/CheckFunctionExists.c.o  -o cmTC_b5927 -rdynamic -lpthreads 
/usr/bin/ld: cannot find -lpthreads
collect2: error: ld returned 1 exit status
CMakeFiles/cmTC_b5927.dir/build.make:97: recipe for target 'cmTC_b5927' failed
make[1]: *** [cmTC_b5927] Error 1
make[1]: Leaving directory '/home/red1/catkin_ws/src/introlab-ros-pkg/cmake-build-debug/CMakeFiles/CMakeTmp'
Makefile:126: recipe for target 'cmTC_b5927/fast' failed
make: *** [cmTC_b5927/fast] Error 2


